#
# A fatal error has been detected by the Java Runtime Environment:
#
#  EXCEPTION_ACCESS_VIOLATION (0xc0000005) at pc=0x000000006507bd54, pid=7148, tid=0x00000000000023dc
#
# JRE version: Java(TM) SE Runtime Environment (8.0_241-b07) (build 1.8.0_241-b07)
# Java VM: Java HotSpot(TM) 64-Bit Server VM (25.241-b07 mixed mode windows-amd64 compressed oops)
# Problematic frame:
# V  [jvm.dll+0x13bd54]
#
# Failed to write core dump. Minidumps are not enabled by default on client versions of Windows
#
# If you would like to submit a bug report, please visit:
#   http://bugreport.java.com/bugreport/crash.jsp
#

---------------  T H R E A D  ---------------

Current thread (0x0000000017093800):  JavaThread "C1 CompilerThread2" daemon [_thread_in_vm, id=9180, stack(0x00000000188f0000,0x00000000189f0000)]

siginfo: ExceptionCode=0xc0000005, reading address 0x000000081932ec82

Registers:
RAX=0x000000006552f870, RBX=0x0000000018b47ee0, RCX=0x000000081932ec80, RDX=0x000000081932ec80
RSP=0x00000000189eeb10, RBP=0x0000000000000000, RSI=0x0000000017093800, RDI=0x000000081932ec80
R8 =0x0000000000000000, R9 =0x000000001c2994d0, R10=0x000000081932ec80, R11=0x0000000018b47c80
R12=0x000000081932ec80, R13=0x0000000000000003, R14=0x0000000018b445c0, R15=0x0000000000000000
RIP=0x000000006507bd54, EFLAGS=0x0000000000010202

Top of Stack: (sp=0x00000000189eeb10)
0x00000000189eeb10:   0000000018aa5c80 00000000189eebe0
0x00000000189eeb20:   0000000000000000 0000000000000000
0x00000000189eeb30:   0000000000000000 0000000064f8826a
0x00000000189eeb40:   0000000018b45fd0 0000000000000001
0x00000000189eeb50:   0000000018b445c0 0000000000000000
0x00000000189eeb60:   00000000193f0eb0 0000000064f836d4
0x00000000189eeb70:   00000000193f0eb0 000000081932ec80
0x00000000189eeb80:   0000000000000000 0000000018b47c00
0x00000000189eeb90:   0000000018b47e90 0000000064f72856
0x00000000189eeba0:   000000001c2994d0 00000000651fbdf9
0x00000000189eebb0:   0000000019385490 0000000000000000
0x00000000189eebc0:   00000000189eec09 0000000064fed924
0x00000000189eebd0:   00000000189ef010 000000006535c028
0x00000000189eebe0:   0000000019387b50 0000000065397716
0x00000000189eebf0:   0000000000000000 000000010020c700
0x00000000189eec00:   0000000000000000 0000000000000000 

Instructions: (pc=0x000000006507bd54)
0x000000006507bd34:   ff cc cc cc cc cc cc cc cc cc cc cc e9 db fe ff
0x000000006507bd44:   ff cc cc cc cc cc cc cc cc cc cc cc 48 83 ec 28
0x000000006507bd54:   0f b7 41 02 48 83 c1 02 66 85 c0 78 05 e8 2a 65
0x000000006507bd64:   0c 00 48 83 c4 28 c3 cc cc cc cc cc 48 83 ec 28 


Register to memory mapping:

RAX=0x000000006552f870 is an unknown value
RBX=0x0000000018b47ee0 is an unknown value
RCX=0x000000081932ec80 is an unknown value
RDX=0x000000081932ec80 is an unknown value
RSP=0x00000000189eeb10 is pointing into the stack for thread: 0x0000000017093800
RBP=0x0000000000000000 is an unknown value
RSI=0x0000000017093800 is a thread
RDI=0x000000081932ec80 is an unknown value
R8 =0x0000000000000000 is an unknown value
R9 =0x000000001c2994d0 is pointing into metadata
R10=0x000000081932ec80 is an unknown value
R11=0x0000000018b47c80 is an unknown value
R12=0x000000081932ec80 is an unknown value
R13=0x0000000000000003 is an unknown value
R14=0x0000000018b445c0 is an unknown value
R15=0x0000000000000000 is an unknown value


Stack: [0x00000000188f0000,0x00000000189f0000],  sp=0x00000000189eeb10,  free space=1018k
Native frames: (J=compiled Java code, j=interpreted, Vv=VM code, C=native code)


Current CompileTask:
C1:  18250 1525       3       javax.swing.text.ParagraphView$Row::getBottomInset (36 bytes)


---------------  P R O C E S S  ---------------

Java Threads: ( => current thread )
  0x0000000018d6a800 JavaThread "Timer-0" [_thread_blocked, id=10572, stack(0x000000001c430000,0x000000001c530000)]
  0x00000000194c8000 JavaThread "TimerQueue" daemon [_thread_blocked, id=9552, stack(0x000000001c130000,0x000000001c230000)]
  0x0000000002413000 JavaThread "DestroyJavaVM" [_thread_blocked, id=7392, stack(0x0000000002310000,0x0000000002410000)]
  0x00000000194c3000 JavaThread "Server request for update messages" [_thread_blocked, id=2024, stack(0x000000001b230000,0x000000001b330000)]
  0x00000000194a7800 JavaThread "AWT-EventQueue-0" [_thread_blocked, id=4608, stack(0x000000001af30000,0x000000001b030000)]
  0x0000000019421800 JavaThread "AWT-Windows" daemon [_thread_in_native, id=1188, stack(0x000000001a350000,0x000000001a450000)]
  0x000000001948b800 JavaThread "AWT-Shutdown" [_thread_blocked, id=7308, stack(0x000000001a250000,0x000000001a350000)]
  0x000000001948b000 JavaThread "Java2D Disposer" daemon [_thread_blocked, id=2888, stack(0x000000001a080000,0x000000001a180000)]
  0x0000000018a24000 JavaThread "Service Thread" daemon [_thread_blocked, id=6592, stack(0x0000000018df0000,0x0000000018ef0000)]
=>0x0000000017093800 JavaThread "C1 CompilerThread2" daemon [_thread_in_vm, id=9180, stack(0x00000000188f0000,0x00000000189f0000)]
  0x0000000017092800 JavaThread "C2 CompilerThread1" daemon [_thread_blocked, id=10344, stack(0x00000000187f0000,0x00000000188f0000)]
  0x000000001708f800 JavaThread "C2 CompilerThread0" daemon [_thread_blocked, id=5364, stack(0x00000000186f0000,0x00000000187f0000)]
  0x000000001708e000 JavaThread "Attach Listener" daemon [_thread_blocked, id=9020, stack(0x00000000185f0000,0x00000000186f0000)]
  0x0000000017095800 JavaThread "Signal Dispatcher" daemon [_thread_blocked, id=8632, stack(0x00000000184f0000,0x00000000185f0000)]
  0x000000001707a800 JavaThread "Finalizer" daemon [_thread_blocked, id=5576, stack(0x00000000182e0000,0x00000000183e0000)]
  0x0000000002500000 JavaThread "Reference Handler" daemon [_thread_blocked, id=7920, stack(0x00000000181e0000,0x00000000182e0000)]

Other Threads:
  0x0000000017058000 VMThread [stack: 0x00000000180e0000,0x00000000181e0000] [id=7300]
  0x0000000018a35000 WatcherThread [stack: 0x0000000018ef0000,0x0000000018ff0000] [id=7204]

VM state:not at safepoint (normal execution)

VM Mutex/Monitor currently owned by a thread: None

heap address: 0x0000000081200000, size: 2030 MB, Compressed Oops mode: 32-bit
Narrow klass base: 0x0000000000000000, Narrow klass shift: 3
Compressed class space size: 1073741824 Address: 0x0000000100000000

Heap:
 PSYoungGen      total 38400K, used 28704K [0x00000000d5b80000, 0x00000000d8600000, 0x0000000100000000)
  eden space 33280K, 86% used [0x00000000d5b80000,0x00000000d77883b8,0x00000000d7c00000)
  from space 5120K, 0% used [0x00000000d8100000,0x00000000d8100000,0x00000000d8600000)
  to   space 5120K, 0% used [0x00000000d7c00000,0x00000000d7c00000,0x00000000d8100000)
 ParOldGen       total 87552K, used 0K [0x0000000081200000, 0x0000000086780000, 0x00000000d5b80000)
  object space 87552K, 0% used [0x0000000081200000,0x0000000081200000,0x0000000086780000)
 Metaspace       used 19192K, capacity 19520K, committed 19840K, reserved 1067008K
  class space    used 2526K, capacity 2634K, committed 2688K, reserved 1048576K

Card table byte_map: [0x00000000118d0000,0x0000000011cd0000] byte_map_base: 0x00000000114c7000

Marking Bits: (ParMarkBitMap*) 0x000000006576be30
 Begin Bits: [0x0000000012380000, 0x0000000014338000)
 End Bits:   [0x0000000014338000, 0x00000000162f0000)

Polling page: 0x00000000001f0000

CodeCache: size=245760Kb used=4393Kb max_used=4404Kb free=241366Kb
 bounds [0x0000000002510000, 0x0000000002960000, 0x0000000011510000]
 total_blobs=2079 nmethods=1525 adapters=466
 compilation: enabled

Compilation events (10 events):
Event: 18.219 Thread 0x0000000017092800 nmethod 1519 0x000000000295a5d0 code [0x000000000295a700, 0x000000000295a798]
Event: 18.220 Thread 0x0000000017093800 1520       3       java.awt.Component::location_NoClientCode (16 bytes)
Event: 18.220 Thread 0x0000000017093800 nmethod 1520 0x00000000029583d0 code [0x0000000002958540, 0x0000000002958810]
Event: 18.222 Thread 0x0000000017093800 1521       3       javax.swing.text.CompositeView::getViewIndexAtPosition (13 bytes)
Event: 18.222 Thread 0x0000000017093800 nmethod 1521 0x0000000002957ed0 code [0x0000000002958040, 0x00000000029582e8]
Event: 18.222 Thread 0x0000000017093800 1522       1       javax.swing.text.GlyphView::getTabExpander (5 bytes)
Event: 18.222 Thread 0x0000000017093800 nmethod 1522 0x0000000002957c10 code [0x0000000002957d60, 0x0000000002957e70]
Event: 18.224 Thread 0x0000000017093800 1524       3       java.awt.event.ComponentEvent::<init> (7 bytes)
Event: 18.224 Thread 0x0000000017093800 nmethod 1524 0x000000000295e4d0 code [0x000000000295e640, 0x000000000295e7c8]
Event: 18.226 Thread 0x0000000017093800 1525       3       javax.swing.text.ParagraphView$Row::getBottomInset (36 bytes)

GC Heap History (0 events):
No events

Deoptimization events (10 events):
Event: 0.643 Thread 0x0000000002413000 Uncommon trap: reason=class_check action=maybe_recompile pc=0x000000000267ffa0 method=java.lang.String.equals(Ljava/lang/Object;)Z @ 8
Event: 0.643 Thread 0x0000000002413000 Uncommon trap: reason=class_check action=maybe_recompile pc=0x000000000267ffa0 method=java.lang.String.equals(Ljava/lang/Object;)Z @ 8
Event: 0.643 Thread 0x0000000002413000 Uncommon trap: reason=class_check action=maybe_recompile pc=0x000000000267ffa0 method=java.lang.String.equals(Ljava/lang/Object;)Z @ 8
Event: 0.645 Thread 0x0000000002413000 Uncommon trap: reason=bimorphic action=maybe_recompile pc=0x00000000027d9478 method=java.util.HashMap.getNode(ILjava/lang/Object;)Ljava/util/HashMap$Node; @ 126
Event: 0.645 Thread 0x0000000002413000 Uncommon trap: reason=bimorphic action=maybe_recompile pc=0x00000000027d9478 method=java.util.HashMap.getNode(ILjava/lang/Object;)Ljava/util/HashMap$Node; @ 126
Event: 0.654 Thread 0x0000000002413000 Uncommon trap: reason=unstable_if action=reinterpret pc=0x000000000277ba3c method=java.lang.CharacterDataLatin1.isWhitespace(I)Z @ 14
Event: 0.662 Thread 0x0000000002413000 Uncommon trap: reason=unstable_if action=reinterpret pc=0x000000000275fe38 method=java.io.DataInputStream.readUTF(Ljava/io/DataInput;)Ljava/lang/String; @ 112
Event: 0.682 Thread 0x0000000019421800 Uncommon trap: reason=bimorphic action=maybe_recompile pc=0x0000000002806a18 method=java.util.HashMap.putVal(ILjava/lang/Object;Ljava/lang/Object;ZZ)Ljava/lang/Object; @ 203
Event: 0.682 Thread 0x0000000019421800 Uncommon trap: reason=bimorphic action=maybe_recompile pc=0x00000000028069cc method=java.util.HashMap.putVal(ILjava/lang/Object;Ljava/lang/Object;ZZ)Ljava/lang/Object; @ 91
Event: 0.682 Thread 0x0000000019421800 Uncommon trap: reason=bimorphic action=maybe_recompile pc=0x0000000002806a18 method=java.util.HashMap.putVal(ILjava/lang/Object;Ljava/lang/Object;ZZ)Ljava/lang/Object; @ 203

Classes redefined (0 events):
No events

Internal exceptions (10 events):
Event: 0.131 Thread 0x0000000002413000 Exception <a 'java/lang/NoSuchFieldError': method resolution failed> (0x00000000d5dc1600) thrown at [C:\ade\jenkins\workspace\8-2-build-windows-amd64-cygwin\jdk8u241\331\hotspot\src\share\vm\prims\methodHandles.cpp, line 1167]
Event: 0.132 Thread 0x0000000002413000 Exception <a 'java/lang/NoSuchFieldError': method resolution failed> (0x00000000d5dce9d0) thrown at [C:\ade\jenkins\workspace\8-2-build-windows-amd64-cygwin\jdk8u241\331\hotspot\src\share\vm\prims\methodHandles.cpp, line 1167]
Event: 0.461 Thread 0x0000000002413000 Exception <a 'java/lang/ArrayIndexOutOfBoundsException': 18> (0x00000000d6af93a0) thrown at [C:\ade\jenkins\workspace\8-2-build-windows-amd64-cygwin\jdk8u241\331\hotspot\src\share\vm\interpreter\interpreterRuntime.cpp, line 368]
Event: 0.461 Thread 0x0000000002413000 Exception <a 'java/lang/ArrayIndexOutOfBoundsException': 110> (0x00000000d6afa8f8) thrown at [C:\ade\jenkins\workspace\8-2-build-windows-amd64-cygwin\jdk8u241\331\hotspot\src\share\vm\interpreter\interpreterRuntime.cpp, line 368]
Event: 0.550 Thread 0x0000000002413000 Exception <a 'java/io/FileNotFoundException'> (0x00000000d6e9bad8) thrown at [C:\ade\jenkins\workspace\8-2-build-windows-amd64-cygwin\jdk8u241\331\hotspot\src\share\vm\prims\jni.cpp, line 710]
Event: 0.584 Thread 0x0000000002413000 Implicit null exception at 0x00000000027511d6 to 0x0000000002751569
Event: 0.584 Thread 0x0000000002413000 Implicit null exception at 0x0000000002745396 to 0x0000000002745725
Event: 0.587 Thread 0x0000000002413000 Implicit null exception at 0x000000000280ac3b to 0x000000000280b3c1
Event: 0.599 Thread 0x0000000002413000 Implicit null exception at 0x000000000280d975 to 0x000000000280dced
Event: 0.599 Thread 0x0000000002413000 Implicit null exception at 0x0000000002753eaf to 0x0000000002753f19

Events (10 events):
Event: 16.886 loading class javax/swing/border/BevelBorder
Event: 16.886 loading class javax/swing/border/BevelBorder done
Event: 16.960 Executing VM operation: RevokeBias
Event: 16.960 Executing VM operation: RevokeBias done
Event: 16.969 Executing VM operation: RevokeBias
Event: 16.969 Executing VM operation: RevokeBias done
Event: 16.971 Executing VM operation: RevokeBias
Event: 16.971 Executing VM operation: RevokeBias done
Event: 17.972 Executing VM operation: RevokeBias
Event: 17.972 Executing VM operation: RevokeBias done


Dynamic libraries:
0x00007ff7e0e30000 - 0x00007ff7e0e67000 	C:\Program Files (x86)\Common Files\Oracle\Java\javapath\java.exe
0x00007ff874aa0000 - 0x00007ff874c90000 	C:\WINDOWS\SYSTEM32\ntdll.dll
0x00007ff873b90000 - 0x00007ff873c42000 	C:\WINDOWS\System32\KERNEL32.DLL
0x00007ff871a30000 - 0x00007ff871cd3000 	C:\WINDOWS\System32\KERNELBASE.dll
0x00007ff874610000 - 0x00007ff8746b3000 	C:\WINDOWS\System32\ADVAPI32.dll
0x00007ff874460000 - 0x00007ff8744fe000 	C:\WINDOWS\System32\msvcrt.dll
0x00007ff8749c0000 - 0x00007ff874a57000 	C:\WINDOWS\System32\sechost.dll
0x00007ff872de0000 - 0x00007ff872f00000 	C:\WINDOWS\System32\RPCRT4.dll
0x00007ff873880000 - 0x00007ff873a14000 	C:\WINDOWS\System32\USER32.dll
0x00007ff872850000 - 0x00007ff872871000 	C:\WINDOWS\System32\win32u.dll
0x00007ff8745e0000 - 0x00007ff874606000 	C:\WINDOWS\System32\GDI32.dll
0x00007ff872540000 - 0x00007ff8726d4000 	C:\WINDOWS\System32\gdi32full.dll
0x00007ff872ab0000 - 0x00007ff872b4e000 	C:\WINDOWS\System32\msvcp_win.dll
0x00007ff8728d0000 - 0x00007ff8729ca000 	C:\WINDOWS\System32\ucrtbase.dll
0x00007ff861bb0000 - 0x00007ff861e35000 	C:\WINDOWS\WinSxS\amd64_microsoft.windows.common-controls_6595b64144ccf1df_6.0.18362.720_none_e6beb5c51314836b\COMCTL32.dll
0x00007ff8740c0000 - 0x00007ff8743f6000 	C:\WINDOWS\System32\combase.dll
0x00007ff872a30000 - 0x00007ff872ab0000 	C:\WINDOWS\System32\bcryptPrimitives.dll
0x00007ff874840000 - 0x00007ff87486e000 	C:\WINDOWS\System32\IMM32.DLL
0x00000000666b0000 - 0x0000000066782000 	C:\Program Files\Java\jre1.8.0_241\bin\msvcr100.dll
0x0000000064f40000 - 0x00000000657ec000 	C:\Program Files\Java\jre1.8.0_241\bin\server\jvm.dll
0x00007ff8749b0000 - 0x00007ff8749b8000 	C:\WINDOWS\System32\PSAPI.DLL
0x00007ff86c770000 - 0x00007ff86c779000 	C:\WINDOWS\SYSTEM32\WSOCK32.dll
0x00007ff873b00000 - 0x00007ff873b6f000 	C:\WINDOWS\System32\WS2_32.dll
0x00007ff86e630000 - 0x00007ff86e654000 	C:\WINDOWS\SYSTEM32\WINMM.dll
0x00007ff859c30000 - 0x00007ff859c3a000 	C:\WINDOWS\SYSTEM32\VERSION.dll
0x00007ff86e5f0000 - 0x00007ff86e61d000 	C:\WINDOWS\SYSTEM32\winmmbase.dll
0x00007ff872880000 - 0x00007ff8728ca000 	C:\WINDOWS\System32\cfgmgr32.dll
0x00007ff86d240000 - 0x00007ff86d24f000 	C:\Program Files\Java\jre1.8.0_241\bin\verify.dll
0x00007ff865620000 - 0x00007ff865649000 	C:\Program Files\Java\jre1.8.0_241\bin\java.dll
0x00007ff868e70000 - 0x00007ff868e86000 	C:\Program Files\Java\jre1.8.0_241\bin\zip.dll
0x00007ff872fe0000 - 0x00007ff8736c5000 	C:\WINDOWS\System32\SHELL32.dll
0x00007ff872cb0000 - 0x00007ff872d59000 	C:\WINDOWS\System32\shcore.dll
0x00007ff871d10000 - 0x00007ff872490000 	C:\WINDOWS\System32\windows.storage.dll
0x00007ff871a00000 - 0x00007ff871a23000 	C:\WINDOWS\System32\profapi.dll
0x00007ff871990000 - 0x00007ff8719da000 	C:\WINDOWS\System32\powrprof.dll
0x00007ff871960000 - 0x00007ff871970000 	C:\WINDOWS\System32\UMPDC.dll
0x00007ff873aa0000 - 0x00007ff873af2000 	C:\WINDOWS\System32\shlwapi.dll
0x00007ff871970000 - 0x00007ff871981000 	C:\WINDOWS\System32\kernel.appcore.dll
0x00007ff872830000 - 0x00007ff872847000 	C:\WINDOWS\System32\cryptsp.dll
0x00007ff85a300000 - 0x00007ff85a49a000 	C:\Program Files\Java\jre1.8.0_241\bin\awt.dll
0x00007ff874500000 - 0x00007ff8745c4000 	C:\WINDOWS\System32\OLEAUT32.dll
0x00007ff86fbe0000 - 0x00007ff86fc6f000 	C:\WINDOWS\SYSTEM32\apphelp.dll
0x00007ff86c540000 - 0x00007ff86c54d000 	C:\Program Files\Java\jre1.8.0_241\bin\management.dll
0x00007ff865600000 - 0x00007ff86561a000 	C:\Program Files\Java\jre1.8.0_241\bin\net.dll
0x00007ff871170000 - 0x00007ff8711d7000 	C:\WINDOWS\system32\mswsock.dll
0x00007ff86c750000 - 0x00007ff86c766000 	C:\WINDOWS\system32\napinsp.dll
0x00007ff86b6b0000 - 0x00007ff86b6ca000 	C:\WINDOWS\system32\pnrpnsp.dll
0x00007ff870ec0000 - 0x00007ff870f8a000 	C:\WINDOWS\SYSTEM32\DNSAPI.dll
0x00007ff872fd0000 - 0x00007ff872fd8000 	C:\WINDOWS\System32\NSI.dll
0x00007ff870e80000 - 0x00007ff870eba000 	C:\WINDOWS\SYSTEM32\IPHLPAPI.DLL
0x00007ff86e460000 - 0x00007ff86e46e000 	C:\WINDOWS\System32\winrnr.dll
0x00007ff86e1a0000 - 0x00007ff86e1bc000 	C:\WINDOWS\system32\NLAapi.dll
0x00007ff85c650000 - 0x00007ff85c665000 	C:\WINDOWS\system32\wshbth.dll
0x00007ff863330000 - 0x00007ff86333a000 	C:\Windows\System32\rasadhlp.dll
0x00007ff86a770000 - 0x00007ff86a7e7000 	C:\WINDOWS\System32\fwpuclnt.dll
0x00007ff871ce0000 - 0x00007ff871d06000 	C:\WINDOWS\System32\bcrypt.dll
0x00007ff864270000 - 0x00007ff864282000 	C:\Program Files\Java\jre1.8.0_241\bin\nio.dll
0x00007ff870100000 - 0x00007ff87012d000 	C:\WINDOWS\system32\DWMAPI.DLL
0x00007ff86fce0000 - 0x00007ff86fd79000 	C:\WINDOWS\system32\uxtheme.dll
0x00007ff84cc20000 - 0x00007ff84cd76000 	C:\WINDOWS\system32\opengl32.dll
0x00007ff863c40000 - 0x00007ff863c6c000 	C:\WINDOWS\SYSTEM32\GLU32.dll
0x00007ff8705d0000 - 0x00007ff8705f0000 	C:\WINDOWS\SYSTEM32\dxcore.dll
0x00007ff874870000 - 0x00007ff8749a6000 	C:\WINDOWS\System32\MSCTF.dll
0x00007ff872b50000 - 0x00007ff872ca7000 	C:\WINDOWS\System32\ole32.dll
0x00007ff85cd10000 - 0x00007ff85cd59000 	C:\Program Files\Java\jre1.8.0_241\bin\fontmanager.dll
0x00007ff85b5e0000 - 0x00007ff85b622000 	C:\Program Files\Java\jre1.8.0_241\bin\t2k.dll
0x00007ff8746c0000 - 0x00007ff874762000 	C:\WINDOWS\System32\clbcatq.dll
0x00007ff86d550000 - 0x00007ff86d6ff000 	C:\WINDOWS\SYSTEM32\WindowsCodecs.dll
0x00007ff8607a0000 - 0x00007ff8607da000 	C:\WINDOWS\system32\dataexchange.dll
0x00007ff86f180000 - 0x00007ff86f3db000 	C:\WINDOWS\system32\d3d11.dll
0x00007ff86f3e0000 - 0x00007ff86f5bb000 	C:\WINDOWS\system32\dcomp.dll
0x00007ff870660000 - 0x00007ff87074b000 	C:\WINDOWS\system32\dxgi.dll
0x00007ff86fdb0000 - 0x00007ff87000a000 	C:\WINDOWS\system32\twinapi.appcore.dll
0x00007ff870210000 - 0x00007ff870239000 	C:\WINDOWS\system32\RMCLIENT.dll
0x00007ff86b320000 - 0x00007ff86b3be000 	C:\WINDOWS\System32\TextInputFramework.dll
0x00007ff86da50000 - 0x00007ff86dd7a000 	C:\WINDOWS\System32\CoreUIComponents.dll
0x00007ff86f660000 - 0x00007ff86f734000 	C:\WINDOWS\System32\CoreMessaging.dll
0x00007ff8709c0000 - 0x00007ff8709f1000 	C:\WINDOWS\SYSTEM32\ntmarta.dll
0x00007ff86d8b0000 - 0x00007ff86da03000 	C:\WINDOWS\SYSTEM32\wintypes.dll
0x00007ff86ad20000 - 0x00007ff86afc6000 	C:\WINDOWS\System32\iertutil.dll
0x00007ff85ee20000 - 0x00007ff85f014000 	C:\WINDOWS\SYSTEM32\dbghelp.dll

VM Arguments:
java_command: C:\Users\Я\Desktop\Java_Project\target\chatmessenger-1.0-SNAPSHOT-jar-with-dependencies.jar
java_class_path (initial): C:\Users\Я\Desktop\Java_Project\target\chatmessenger-1.0-SNAPSHOT-jar-with-dependencies.jar
Launcher Type: SUN_STANDARD

Environment Variables:
PATH=C:\Program Files (x86)\Common Files\Oracle\Java\javapath;C:\Program Files (x86)\NVIDIA Corporation\PhysX\Common;C:\WINDOWS\system32;C:\WINDOWS;C:\WINDOWS\System32\Wbem;C:\WINDOWS\System32\WindowsPowerShell\v1.0\;C:\WINDOWS\System32\OpenSSH\;C:\Program Files\Git\cmd;C:\Program Files (x86)\Anaconda;C:\Program Files (x86)\Anaconda\Library\mingw-w64\bin;C:\Program Files (x86)\Anaconda\Library\usr\bin;C:\Program Files (x86)\Anaconda\Library\bin;C:\Program Files (x86)\Anaconda\Scripts;D:\Program Files\Anacon;D:\Program Files\Anacon\Library\mingw-w64\bin;D:\Program Files\Anacon\Library\usr\bin;D:\Program Files\Anacon\Library\bin;D:\Program Files\Anacon\Scripts;C:\Users\Я\AppData\Local\Programs\Python\Python37-32\Scripts\;C:\Users\Я\AppData\Local\Programs\Python\Python37-32\;C:\Users\Я\AppData\Local\Microsoft\WindowsApps;C:\Program Files (x86)\Anaconda\Library\bin\graphviz;;C:\Users\Я\AppData\Local\Programs\Microsoft VS Code\bin
USERNAME=Я
OS=Windows_NT
PROCESSOR_IDENTIFIER=Intel64 Family 6 Model 94 Stepping 3, GenuineIntel



---------------  S Y S T E M  ---------------

OS: Windows 10.0 , 64 bit Build 18362 (10.0.18362.329)

CPU:total 4 (initial active 4) (4 cores per cpu, 1 threads per core) family 6 model 94 stepping 3, cmov, cx8, fxsr, mmx, sse, sse2, sse3, ssse3, sse4.1, sse4.2, popcnt, avx, avx2, aes, clmul, erms, 3dnowpref, lzcnt, tsc, tscinvbit, bmi1, bmi2, adx

Memory: 4k page, physical 8313176k(4450604k free), swap 9623896k(4714044k free)

vm_info: Java HotSpot(TM) 64-Bit Server VM (25.241-b07) for windows-amd64 JRE (1.8.0_241-b07), built on Dec 11 2019 10:21:40 by "rejava" with MS VC++ 10.0 (VS2010)

time: Sat May 30 12:26:05 2020
timezone: Финляндия (лето)
elapsed time: 18 seconds (0d 0h 0m 18s)

